<?xml version="1.0" encoding="UTF-8"?>
<coverage generated="1523922658213" clover="3.2.0">
  <project timestamp="1523922658213" name="All files">
    <metrics statements="40" coveredstatements="21" conditionals="31" coveredconditionals="6" methods="25" coveredmethods="10" elements="96" coveredelements="37" complexity="0" loc="40" ncloc="40" packages="3" files="9" classes="9">
      <package name="src">
        <metrics statements="24" coveredstatements="5" conditionals="27" coveredconditionals="2" methods="16" coveredmethods="1"/>
        <file name="index.js" path="/Users/pluralsight/WebstormProjects/react-hello/store-locator/src/index.js">
          <metrics statements="5" coveredstatements="0" conditionals="4" coveredconditionals="0" methods="1" coveredmethods="0"/>
          <line num="1" count="0" type="stmt"/>
          <line num="2" count="0" type="stmt"/>
          <line num="3" count="0" type="stmt"/>
          <line num="4" count="0" type="cond" truecount="0" falsecount="4"/>
          <line num="7" count="0" type="stmt"/>
        </file>
        <file name="mapChooser.js" path="/Users/pluralsight/WebstormProjects/react-hello/store-locator/src/mapChooser.js">
          <metrics statements="4" coveredstatements="4" conditionals="2" coveredconditionals="2" methods="1" coveredmethods="1"/>
          <line num="2" count="3" type="cond" truecount="2" falsecount="0"/>
          <line num="3" count="1" type="stmt"/>
          <line num="5" count="3" type="stmt"/>
          <line num="6" count="3" type="stmt"/>
        </file>
        <file name="registerServiceWorker.js" path="/Users/pluralsight/WebstormProjects/react-hello/store-locator/src/registerServiceWorker.js">
          <metrics statements="14" coveredstatements="0" conditionals="21" coveredconditionals="0" methods="14" coveredmethods="0"/>
          <line num="1" count="0" type="stmt"/>
          <line num="21" count="0" type="stmt"/>
          <line num="109" count="0" type="cond" truecount="0" falsecount="3"/>
          <line num="111" count="0" type="cond" truecount="0" falsecount="4"/>
          <line num="112" count="0" type="cond" truecount="0" falsecount="2"/>
          <line num="115" count="0" type="cond" truecount="0" falsecount="2"/>
          <line num="116" count="0" type="stmt"/>
          <line num="117" count="0" type="cond" truecount="0" falsecount="4"/>
          <line num="121" count="0" type="stmt"/>
          <line num="124" count="0" type="stmt"/>
          <line num="125" count="0" type="stmt"/>
          <line num="126" count="0" type="cond" truecount="0" falsecount="4"/>
          <line num="127" count="0" type="stmt"/>
          <line num="128" count="0" type="cond" truecount="0" falsecount="2"/>
        </file>
        <file name="setupTests.js" path="/Users/pluralsight/WebstormProjects/react-hello/store-locator/src/setupTests.js">
          <metrics statements="1" coveredstatements="1" conditionals="0" coveredconditionals="0" methods="0" coveredmethods="0"/>
          <line num="4" count="6" type="stmt"/>
        </file>
      </package>
      <package name="src.components">
        <metrics statements="6" coveredstatements="6" conditionals="4" coveredconditionals="4" methods="3" coveredmethods="3"/>
        <file name="Button.js" path="/Users/pluralsight/WebstormProjects/react-hello/store-locator/src/components/Button.js">
          <metrics statements="1" coveredstatements="1" conditionals="2" coveredconditionals="2" methods="1" coveredmethods="1"/>
          <line num="6" count="8" type="cond" truecount="2" falsecount="0"/>
        </file>
        <file name="Header.js" path="/Users/pluralsight/WebstormProjects/react-hello/store-locator/src/components/Header.js">
          <metrics statements="1" coveredstatements="1" conditionals="0" coveredconditionals="0" methods="1" coveredmethods="1"/>
          <line num="6" count="5" type="stmt"/>
        </file>
        <file name="Map.js" path="/Users/pluralsight/WebstormProjects/react-hello/store-locator/src/components/Map.js">
          <metrics statements="4" coveredstatements="4" conditionals="2" coveredconditionals="2" methods="1" coveredmethods="1"/>
          <line num="7" count="8" type="cond" truecount="2" falsecount="0"/>
          <line num="8" count="6" type="stmt"/>
          <line num="10" count="2" type="stmt"/>
          <line num="12" count="8" type="stmt"/>
        </file>
      </package>
      <package name="src.containers">
        <metrics statements="10" coveredstatements="10" conditionals="0" coveredconditionals="0" methods="6" coveredmethods="6"/>
        <file name="App.js" path="/Users/pluralsight/WebstormProjects/react-hello/store-locator/src/containers/App.js">
          <metrics statements="1" coveredstatements="1" conditionals="0" coveredconditionals="0" methods="1" coveredmethods="1"/>
          <line num="7" count="2" type="stmt"/>
        </file>
        <file name="StoreLocator.js" path="/Users/pluralsight/WebstormProjects/react-hello/store-locator/src/containers/StoreLocator.js">
          <metrics statements="9" coveredstatements="9" conditionals="0" coveredconditionals="0" methods="5" coveredmethods="5"/>
          <line num="10" count="10" type="stmt"/>
          <line num="11" count="10" type="stmt"/>
          <line num="17" count="10" type="stmt"/>
          <line num="22" count="13" type="stmt"/>
          <line num="23" count="8" type="stmt"/>
          <line num="29" count="1" type="stmt"/>
          <line num="34" count="19" type="stmt"/>
          <line num="35" count="8" type="stmt"/>
          <line num="38" count="19" type="stmt"/>
        </file>
      </package>
    </metrics>
  </project>
</coverage>
